Determining if the pthread_create exist failed with the following output:
Change Dir: /home/roger/Dropbox/Code/09-pcl/01-pcd_write/build/CMakeFiles/CMakeTmp

Run Build Command:"/usr/bin/make" "cmTC_a819a/fast"
/usr/bin/make -f CMakeFiles/cmTC_a819a.dir/build.make CMakeFiles/cmTC_a819a.dir/build
make[1]: Entering directory '/home/roger/Dropbox/Code/09-pcl/01-pcd_write/build/CMakeFiles/CMakeTmp'
Building C object CMakeFiles/cmTC_a819a.dir/CheckSymbolExists.c.o
/usr/bin/cc     -o CMakeFiles/cmTC_a819a.dir/CheckSymbolExists.c.o   -c /home/roger/Dropbox/Code/09-pcl/01-pcd_write/build/CMakeFiles/CMakeTmp/CheckSymbolExists.c
Linking C executable cmTC_a819a
/usr/bin/cmake -E cmake_link_script CMakeFiles/cmTC_a819a.dir/link.txt --verbose=1
/usr/bin/cc       CMakeFiles/cmTC_a819a.dir/CheckSymbolExists.c.o  -o cmTC_a819a -rdynamic 
CMakeFiles/cmTC_a819a.dir/CheckSymbolExists.c.o：在函数‘main’中：
CheckSymbolExists.c:(.text+0x16)：对‘pthread_create’未定义的引用
collect2: error: ld returned 1 exit status
CMakeFiles/cmTC_a819a.dir/build.make:97: recipe for target 'cmTC_a819a' failed
make[1]: *** [cmTC_a819a] Error 1
make[1]: Leaving directory '/home/roger/Dropbox/Code/09-pcl/01-pcd_write/build/CMakeFiles/CMakeTmp'
Makefile:126: recipe for target 'cmTC_a819a/fast' failed
make: *** [cmTC_a819a/fast] Error 2

File /home/roger/Dropbox/Code/09-pcl/01-pcd_write/build/CMakeFiles/CMakeTmp/CheckSymbolExists.c:
/* */
#include <pthread.h>

int main(int argc, char** argv)
{
  (void)argv;
#ifndef pthread_create
  return ((int*)(&pthread_create))[argc];
#else
  (void)argc;
  return 0;
#endif
}

Determining if the function pthread_create exists in the pthreads failed with the following output:
Change Dir: /home/roger/Dropbox/Code/09-pcl/01-pcd_write/build/CMakeFiles/CMakeTmp

Run Build Command:"/usr/bin/make" "cmTC_06cd6/fast"
/usr/bin/make -f CMakeFiles/cmTC_06cd6.dir/build.make CMakeFiles/cmTC_06cd6.dir/build
make[1]: Entering directory '/home/roger/Dropbox/Code/09-pcl/01-pcd_write/build/CMakeFiles/CMakeTmp'
Building C object CMakeFiles/cmTC_06cd6.dir/CheckFunctionExists.c.o
/usr/bin/cc    -DCHECK_FUNCTION_EXISTS=pthread_create   -o CMakeFiles/cmTC_06cd6.dir/CheckFunctionExists.c.o   -c /usr/share/cmake-3.5/Modules/CheckFunctionExists.c
Linking C executable cmTC_06cd6
/usr/bin/cmake -E cmake_link_script CMakeFiles/cmTC_06cd6.dir/link.txt --verbose=1
/usr/bin/cc   -DCHECK_FUNCTION_EXISTS=pthread_create    CMakeFiles/cmTC_06cd6.dir/CheckFunctionExists.c.o  -o cmTC_06cd6 -rdynamic -lpthreads 
/usr/bin/ld: 找不到 -lpthreads
collect2: error: ld returned 1 exit status
CMakeFiles/cmTC_06cd6.dir/build.make:97: recipe for target 'cmTC_06cd6' failed
make[1]: *** [cmTC_06cd6] Error 1
make[1]: Leaving directory '/home/roger/Dropbox/Code/09-pcl/01-pcd_write/build/CMakeFiles/CMakeTmp'
Makefile:126: recipe for target 'cmTC_06cd6/fast' failed
make: *** [cmTC_06cd6/fast] Error 2


