Determining if the pthread_create exist failed with the following output:
Change Dir: /home/fog-ws/Dropbox/Code/09-pcl/05-PointCloud_segmentation/build/CMakeFiles/CMakeTmp

Run Build Command:"/usr/bin/make" "cmTC_cd604/fast"
/usr/bin/make -f CMakeFiles/cmTC_cd604.dir/build.make CMakeFiles/cmTC_cd604.dir/build
make[1]: Entering directory '/home/fog-ws/Dropbox/Code/09-pcl/05-PointCloud_segmentation/build/CMakeFiles/CMakeTmp'
Building C object CMakeFiles/cmTC_cd604.dir/CheckSymbolExists.c.o
/usr/bin/cc     -o CMakeFiles/cmTC_cd604.dir/CheckSymbolExists.c.o   -c /home/fog-ws/Dropbox/Code/09-pcl/05-PointCloud_segmentation/build/CMakeFiles/CMakeTmp/CheckSymbolExists.c
Linking C executable cmTC_cd604
/usr/bin/cmake -E cmake_link_script CMakeFiles/cmTC_cd604.dir/link.txt --verbose=1
/usr/bin/cc       CMakeFiles/cmTC_cd604.dir/CheckSymbolExists.c.o  -o cmTC_cd604 -rdynamic 
CMakeFiles/cmTC_cd604.dir/CheckSymbolExists.c.o：在函数‘main’中：
CheckSymbolExists.c:(.text+0x16)：对‘pthread_create’未定义的引用
collect2: error: ld returned 1 exit status
CMakeFiles/cmTC_cd604.dir/build.make:97: recipe for target 'cmTC_cd604' failed
make[1]: *** [cmTC_cd604] Error 1
make[1]: Leaving directory '/home/fog-ws/Dropbox/Code/09-pcl/05-PointCloud_segmentation/build/CMakeFiles/CMakeTmp'
Makefile:126: recipe for target 'cmTC_cd604/fast' failed
make: *** [cmTC_cd604/fast] Error 2

File /home/fog-ws/Dropbox/Code/09-pcl/05-PointCloud_segmentation/build/CMakeFiles/CMakeTmp/CheckSymbolExists.c:
/* */
#include <pthread.h>

int main(int argc, char** argv)
{
  (void)argv;
#ifndef pthread_create
  return ((int*)(&pthread_create))[argc];
#else
  (void)argc;
  return 0;
#endif
}

Determining if the function pthread_create exists in the pthreads failed with the following output:
Change Dir: /home/fog-ws/Dropbox/Code/09-pcl/05-PointCloud_segmentation/build/CMakeFiles/CMakeTmp

Run Build Command:"/usr/bin/make" "cmTC_d72cb/fast"
/usr/bin/make -f CMakeFiles/cmTC_d72cb.dir/build.make CMakeFiles/cmTC_d72cb.dir/build
make[1]: Entering directory '/home/fog-ws/Dropbox/Code/09-pcl/05-PointCloud_segmentation/build/CMakeFiles/CMakeTmp'
Building C object CMakeFiles/cmTC_d72cb.dir/CheckFunctionExists.c.o
/usr/bin/cc    -DCHECK_FUNCTION_EXISTS=pthread_create   -o CMakeFiles/cmTC_d72cb.dir/CheckFunctionExists.c.o   -c /usr/share/cmake-3.5/Modules/CheckFunctionExists.c
Linking C executable cmTC_d72cb
/usr/bin/cmake -E cmake_link_script CMakeFiles/cmTC_d72cb.dir/link.txt --verbose=1
/usr/bin/cc   -DCHECK_FUNCTION_EXISTS=pthread_create    CMakeFiles/cmTC_d72cb.dir/CheckFunctionExists.c.o  -o cmTC_d72cb -rdynamic -lpthreads 
/usr/bin/ld: 找不到 -lpthreads
collect2: error: ld returned 1 exit status
CMakeFiles/cmTC_d72cb.dir/build.make:97: recipe for target 'cmTC_d72cb' failed
make[1]: *** [cmTC_d72cb] Error 1
make[1]: Leaving directory '/home/fog-ws/Dropbox/Code/09-pcl/05-PointCloud_segmentation/build/CMakeFiles/CMakeTmp'
Makefile:126: recipe for target 'cmTC_d72cb/fast' failed
make: *** [cmTC_d72cb/fast] Error 2


