Determining if the pthread_create exist failed with the following output:
Change Dir: /home/fog-ws/Dropbox/Code/09-pcl/07-VoxelGrid/build/CMakeFiles/CMakeTmp

Run Build Command:"/usr/bin/make" "cmTC_ae674/fast"
/usr/bin/make -f CMakeFiles/cmTC_ae674.dir/build.make CMakeFiles/cmTC_ae674.dir/build
make[1]: Entering directory '/home/fog-ws/Dropbox/Code/09-pcl/07-VoxelGrid/build/CMakeFiles/CMakeTmp'
Building C object CMakeFiles/cmTC_ae674.dir/CheckSymbolExists.c.o
/usr/bin/cc     -o CMakeFiles/cmTC_ae674.dir/CheckSymbolExists.c.o   -c /home/fog-ws/Dropbox/Code/09-pcl/07-VoxelGrid/build/CMakeFiles/CMakeTmp/CheckSymbolExists.c
Linking C executable cmTC_ae674
/usr/bin/cmake -E cmake_link_script CMakeFiles/cmTC_ae674.dir/link.txt --verbose=1
/usr/bin/cc       CMakeFiles/cmTC_ae674.dir/CheckSymbolExists.c.o  -o cmTC_ae674 -rdynamic 
CMakeFiles/cmTC_ae674.dir/CheckSymbolExists.c.o：在函数‘main’中：
CheckSymbolExists.c:(.text+0x16)：对‘pthread_create’未定义的引用
collect2: error: ld returned 1 exit status
CMakeFiles/cmTC_ae674.dir/build.make:97: recipe for target 'cmTC_ae674' failed
make[1]: *** [cmTC_ae674] Error 1
make[1]: Leaving directory '/home/fog-ws/Dropbox/Code/09-pcl/07-VoxelGrid/build/CMakeFiles/CMakeTmp'
Makefile:126: recipe for target 'cmTC_ae674/fast' failed
make: *** [cmTC_ae674/fast] Error 2

File /home/fog-ws/Dropbox/Code/09-pcl/07-VoxelGrid/build/CMakeFiles/CMakeTmp/CheckSymbolExists.c:
/* */
#include <pthread.h>

int main(int argc, char** argv)
{
  (void)argv;
#ifndef pthread_create
  return ((int*)(&pthread_create))[argc];
#else
  (void)argc;
  return 0;
#endif
}

Determining if the function pthread_create exists in the pthreads failed with the following output:
Change Dir: /home/fog-ws/Dropbox/Code/09-pcl/07-VoxelGrid/build/CMakeFiles/CMakeTmp

Run Build Command:"/usr/bin/make" "cmTC_879b1/fast"
/usr/bin/make -f CMakeFiles/cmTC_879b1.dir/build.make CMakeFiles/cmTC_879b1.dir/build
make[1]: Entering directory '/home/fog-ws/Dropbox/Code/09-pcl/07-VoxelGrid/build/CMakeFiles/CMakeTmp'
Building C object CMakeFiles/cmTC_879b1.dir/CheckFunctionExists.c.o
/usr/bin/cc    -DCHECK_FUNCTION_EXISTS=pthread_create   -o CMakeFiles/cmTC_879b1.dir/CheckFunctionExists.c.o   -c /usr/share/cmake-3.5/Modules/CheckFunctionExists.c
Linking C executable cmTC_879b1
/usr/bin/cmake -E cmake_link_script CMakeFiles/cmTC_879b1.dir/link.txt --verbose=1
/usr/bin/cc   -DCHECK_FUNCTION_EXISTS=pthread_create    CMakeFiles/cmTC_879b1.dir/CheckFunctionExists.c.o  -o cmTC_879b1 -rdynamic -lpthreads 
/usr/bin/ld: 找不到 -lpthreads
collect2: error: ld returned 1 exit status
CMakeFiles/cmTC_879b1.dir/build.make:97: recipe for target 'cmTC_879b1' failed
make[1]: *** [cmTC_879b1] Error 1
make[1]: Leaving directory '/home/fog-ws/Dropbox/Code/09-pcl/07-VoxelGrid/build/CMakeFiles/CMakeTmp'
Makefile:126: recipe for target 'cmTC_879b1/fast' failed
make: *** [cmTC_879b1/fast] Error 2


