Determining if the pthread_create exist failed with the following output:
Change Dir: /home/fog-ws/Dropbox/Code/09-pcl/08-VoxelGrid_planes/build/CMakeFiles/CMakeTmp

Run Build Command:"/usr/bin/make" "cmTC_7c5ae/fast"
/usr/bin/make -f CMakeFiles/cmTC_7c5ae.dir/build.make CMakeFiles/cmTC_7c5ae.dir/build
make[1]: Entering directory '/home/fog-ws/Dropbox/Code/09-pcl/08-VoxelGrid_planes/build/CMakeFiles/CMakeTmp'
Building C object CMakeFiles/cmTC_7c5ae.dir/CheckSymbolExists.c.o
/usr/bin/cc     -o CMakeFiles/cmTC_7c5ae.dir/CheckSymbolExists.c.o   -c /home/fog-ws/Dropbox/Code/09-pcl/08-VoxelGrid_planes/build/CMakeFiles/CMakeTmp/CheckSymbolExists.c
Linking C executable cmTC_7c5ae
/usr/bin/cmake -E cmake_link_script CMakeFiles/cmTC_7c5ae.dir/link.txt --verbose=1
/usr/bin/cc       CMakeFiles/cmTC_7c5ae.dir/CheckSymbolExists.c.o  -o cmTC_7c5ae -rdynamic 
CMakeFiles/cmTC_7c5ae.dir/CheckSymbolExists.c.o：在函数‘main’中：
CheckSymbolExists.c:(.text+0x16)：对‘pthread_create’未定义的引用
collect2: error: ld returned 1 exit status
CMakeFiles/cmTC_7c5ae.dir/build.make:97: recipe for target 'cmTC_7c5ae' failed
make[1]: *** [cmTC_7c5ae] Error 1
make[1]: Leaving directory '/home/fog-ws/Dropbox/Code/09-pcl/08-VoxelGrid_planes/build/CMakeFiles/CMakeTmp'
Makefile:126: recipe for target 'cmTC_7c5ae/fast' failed
make: *** [cmTC_7c5ae/fast] Error 2

File /home/fog-ws/Dropbox/Code/09-pcl/08-VoxelGrid_planes/build/CMakeFiles/CMakeTmp/CheckSymbolExists.c:
/* */
#include <pthread.h>

int main(int argc, char** argv)
{
  (void)argv;
#ifndef pthread_create
  return ((int*)(&pthread_create))[argc];
#else
  (void)argc;
  return 0;
#endif
}

Determining if the function pthread_create exists in the pthreads failed with the following output:
Change Dir: /home/fog-ws/Dropbox/Code/09-pcl/08-VoxelGrid_planes/build/CMakeFiles/CMakeTmp

Run Build Command:"/usr/bin/make" "cmTC_338eb/fast"
/usr/bin/make -f CMakeFiles/cmTC_338eb.dir/build.make CMakeFiles/cmTC_338eb.dir/build
make[1]: Entering directory '/home/fog-ws/Dropbox/Code/09-pcl/08-VoxelGrid_planes/build/CMakeFiles/CMakeTmp'
Building C object CMakeFiles/cmTC_338eb.dir/CheckFunctionExists.c.o
/usr/bin/cc    -DCHECK_FUNCTION_EXISTS=pthread_create   -o CMakeFiles/cmTC_338eb.dir/CheckFunctionExists.c.o   -c /usr/share/cmake-3.5/Modules/CheckFunctionExists.c
Linking C executable cmTC_338eb
/usr/bin/cmake -E cmake_link_script CMakeFiles/cmTC_338eb.dir/link.txt --verbose=1
/usr/bin/cc   -DCHECK_FUNCTION_EXISTS=pthread_create    CMakeFiles/cmTC_338eb.dir/CheckFunctionExists.c.o  -o cmTC_338eb -rdynamic -lpthreads 
/usr/bin/ld: 找不到 -lpthreads
collect2: error: ld returned 1 exit status
CMakeFiles/cmTC_338eb.dir/build.make:97: recipe for target 'cmTC_338eb' failed
make[1]: *** [cmTC_338eb] Error 1
make[1]: Leaving directory '/home/fog-ws/Dropbox/Code/09-pcl/08-VoxelGrid_planes/build/CMakeFiles/CMakeTmp'
Makefile:126: recipe for target 'cmTC_338eb/fast' failed
make: *** [cmTC_338eb/fast] Error 2


